  Skeleton.cpp
c:\users\boone\desktop\probagrafika\grafikahazicsomag\programs\skeleton\skeleton\framework.h(165): warning C4996: 'fopen': This function or variable may be unsafe. Consider using fopen_s instead. To disable deprecation, use _CRT_SECURE_NO_WARNINGS. See online help for details.
  c:\program files (x86)\windows kits\10\include\10.0.17763.0\ucrt\stdio.h(208): note: see declaration of 'fopen'
c:\users\boone\desktop\probagrafika\grafikahazicsomag\programs\skeleton\skeleton\skeleton.cpp(181): warning C4244: '=': conversion from 'double' to 'float', possible loss of data
c:\users\boone\desktop\probagrafika\grafikahazicsomag\programs\skeleton\skeleton\skeleton.cpp(63): warning C4101: 'i': unreferenced local variable
c:\users\boone\desktop\probagrafika\grafikahazicsomag\programs\skeleton\skeleton\skeleton.cpp(229): warning C4305: 'argument': truncation from 'double' to 'float'
c:\users\boone\desktop\probagrafika\grafikahazicsomag\programs\skeleton\skeleton\skeleton.cpp(265): warning C4305: 'argument': truncation from 'double' to 'float'
c:\users\boone\desktop\probagrafika\grafikahazicsomag\programs\skeleton\skeleton\skeleton.cpp(309): warning C4305: 'argument': truncation from 'double' to 'float'
c:\users\boone\desktop\probagrafika\grafikahazicsomag\programs\skeleton\skeleton\skeleton.cpp(399): warning C4305: 'initializing': truncation from 'double' to 'float'
c:\users\boone\desktop\probagrafika\grafikahazicsomag\programs\skeleton\skeleton\skeleton.cpp(402): warning C4305: 'argument': truncation from 'double' to 'float'
c:\users\boone\desktop\probagrafika\grafikahazicsomag\programs\skeleton\skeleton\skeleton.cpp(403): warning C4305: 'argument': truncation from 'double' to 'float'
c:\users\boone\desktop\probagrafika\grafikahazicsomag\programs\skeleton\skeleton\skeleton.cpp(404): warning C4305: 'argument': truncation from 'double' to 'float'
c:\users\boone\desktop\probagrafika\grafikahazicsomag\programs\skeleton\skeleton\skeleton.cpp(405): warning C4305: 'argument': truncation from 'double' to 'float'
c:\users\boone\desktop\probagrafika\grafikahazicsomag\programs\skeleton\skeleton\skeleton.cpp(407): warning C4305: 'argument': truncation from 'double' to 'float'
c:\users\boone\desktop\probagrafika\grafikahazicsomag\programs\skeleton\skeleton\skeleton.cpp(408): warning C4018: '<': signed/unsigned mismatch
c:\users\boone\desktop\probagrafika\grafikahazicsomag\programs\skeleton\skeleton\skeleton.cpp(417): warning C4305: 'argument': truncation from 'double' to 'float'
c:\users\boone\desktop\probagrafika\grafikahazicsomag\programs\skeleton\skeleton\skeleton.cpp(418): warning C4305: 'argument': truncation from 'double' to 'float'
c:\users\boone\desktop\probagrafika\grafikahazicsomag\programs\skeleton\skeleton\skeleton.cpp(422): warning C4018: '<': signed/unsigned mismatch
c:\users\boone\desktop\probagrafika\grafikahazicsomag\programs\skeleton\skeleton\skeleton.cpp(475): warning C4018: '<': signed/unsigned mismatch
c:\users\boone\desktop\probagrafika\grafikahazicsomag\programs\skeleton\skeleton\skeleton.cpp(482): warning C4244: 'initializing': conversion from 'double' to 'float', possible loss of data
  Generating code
  1 of 388 functions ( 0.3%) were compiled, the rest were copied from previous compilation.
    0 functions were new in current compilation
    1 functions had inline decision re-evaluated but remain unchanged
  Finished generating code
  Skeleton.vcxproj -> C:\Users\boone\Desktop\probagrafika\GrafikaHaziCsomag\Programs\Skeleton\bin\Skeleton.exe
